
=== SWEEP: Raytheon Standard Missile FY23+ ===
Query: VENDOR_NAME:"RAYTHEON" DESCRIPTION_OF_REQUIREMENT:"STANDARD MISSILE" SIGNED_DATE:[2023/01/01,2026/04/10]
  ~40 records (last_start=30)
  pulled 38 records
  unique PIIDs: 5
    N0002407C6119        2025-10-24 $  1904.3M  STANDARD MISSILE 3
    N0002417C5410        2024-11-06 $   291.9M  FISCAL YEAR 2017 THROUGH FISCAL YEAR 2021 U.S. NAVY, OTHER GOVERNMENT AGENCIES, 
    N0002413C5403        2025-12-17 $   276.4M  FISCAL YEAR 2013 THROUGH FISCAL YEAR 2017 U.S. NAVY, OTHER GOVERNMENT AGENCIES, 
    HQ085124F0023        2025-07-03 $     0.3M  STANDARD MISSILE -3 (SM-3) SEA-BASED WEAPON SYSTEMS SUSTAINING ENGINEERING AND P
    N6893614D0022        2024-04-03 $     0.0M  STANDARD MISSILE - 1

=== SWEEP: Raytheon Navy $100M+ FY23+ ===
Query: VENDOR_NAME:"RAYTHEON" CONTRACTING_AGENCY_ID:"1700" SIGNED_DATE:[2023/01/01,2026/04/10] OBLIGATED_AMOUNT:[100000000,99999999999]
  ~60 records (last_start=50)
  pulled 52 records
  unique PIIDs: 26
    N0001921C0011        2025-09-11 $  4866.0M  THE PURPOSE OF THIS MODIFICATION IS TO DEFINITIZE FY25 UCA CLINS, ADD REMAINING 
    N0002422C5500        2025-06-06 $  3190.4M  DDG FLT III (AN/SPY-6(V)1)
    N0002420C5405        2025-09-11 $  1384.9M  INCREASE PRODUCTION CAPACITY (IPC)
    N0002424C5408        2025-06-17 $  1380.5M  GMA (MK25)OPTION EXERCISE AND TE
    N0001921C0723        2023-06-02 $  1368.9M  UKRAINE EXERCISE OPTION CLINS/SLINS AND ADD PDD AND USAI FUNDING
    N0001924C0032        2025-09-26 $   995.2M  THIS MODIFICATION IS FOR THE UNDEFINITIZED CONTRACT ACTION FOR SECOND SOURCE ENE
    N0002424C6104        2025-09-15 $   764.8M  PRODUCTION LOT #2
    N0002421C5411        2025-03-20 $   719.4M  SM-2 BLK IIIB (TAC) AUR
    N0001923C0037        2023-03-30 $   650.4M  NGJ-MB LRIP III
    N0002422C5400        2024-10-29 $   600.7M  RAM GMRP MK 44 MOD 6 (BLK 2B)
    N0001919C0079        2023-08-01 $   596.5M  THE PURPOSE OF THIS MODIFICATION IS TO PROCURE MARITIME STRIKE TOMAHAWK'S (MST) 
    N0001925C0065        2024-11-26 $   590.8M  NGJ-MB PRODUCTION LOT 4 SYSTEM SHIPSETS, SPARES AND NRE
    N0001925C0104        2025-05-15 $   580.8M  NGJ-MB PRODUCTION LOT 5 SYSTEM SHIPSETS
    N0002418C5432        2023-03-22 $   546.0M  ENCANISTERED MISSILE (EM)
    N0002425C5409        2025-03-31 $   518.4M  FY25 SM-6 BLK IA TAC AUR
    N0001925C0071        2025-12-23 $   397.2M  TACTOM FRP20 & FRP21 AWARD
    N0003925F2163        2025-09-29 $   392.6M  NMT SYSTEMS - US FUNDING
    N0002424C5406        2025-09-05 $   377.3M  EXECUTE AND FUND THE FY25 CIWS PRODUCTION REQUIREMENTS
    N0002423C5408        2024-09-27 $   355.8M  SM-2 DLMF MAINTENANCE SPARES PIO
    N0002421C5406        2023-03-31 $   327.5M  BLOCK 1B BSL 2 TO BSL 2 CLASS A OVERHAUL
    N0001923C0056        2023-09-08 $   221.0M  DEPOT ACTIVATION SHARED NRS - COMMON
    N0001922F0972        2024-06-27 $   170.7M  FMS 2006AS SPLIT
    N0038325FNE02        2025-09-18 $   164.9M  NON-RECURRING DEMAND (NRD) #2
    N0002426C5403        2025-12-19 $   146.2M  FY26 RAM GMRP MK 44 MOD 6 (BLK 2B)
    N0001924C0040        2025-12-22 $   139.5M  DEFINITIZE THE UCA FOR USN AND FMS APY-10 RADAR SYSTEMS.
    N0038325F0NE1        2024-11-22 $   139.4M  MK-99 PBL NRD ORDER #1

=== SWEEP: Navy $100M+ FY25-26 backstop ===
Query: CONTRACTING_AGENCY_ID:"1700" SIGNED_DATE:[2025/01/01,2026/04/10] OBLIGATED_AMOUNT:[100000000,99999999999]
  ~200 records (last_start=190)
  pulled 198 records
  unique PIIDs: 128
  top 30 by total_obligated:
    N0002417C2100          2025-04-30 $ 34650.3M  ELECTRIC BOAT CORPORATION      SSN 812 CONSTRUCTION (BOAT 2, FY 24)
    N0002417C2117          2025-12-17 $ 30825.6M  ELECTRIC BOAT CORPORATION      FUNDING ACTION ONLY
    N0001923C0003          2025-09-29 $ 24499.8M  LOCKHEED MARTIN CORPORATION    THIS MODIFICATION DEFINITIZES LOT 18 & 19 AIRCRAFT CLINS
    N0002412C2115          2025-12-08 $ 19897.9M  ELECTRIC BOAT CORPORATION      SSN 792 CONSTRUCTION (BOAT 1, FY14)
    N0002418C2130          2025-12-12 $ 14389.5M  FLUOR MARINE PROPULSION, LLC   FUNDING MOD
    N0002416C2116          2025-11-24 $ 11891.7M  HUNTINGTON INGALLS INCORPORATE CVN 80 INSTALLMENT FUNDING
    N0001918C1037          2025-07-22 $  8447.9M  NORTHROP GRUMMAN SYSTEMS CORPO E-2D MULTIYEAR PRODUCTION II
    N0002423C2307          2025-05-09 $  6959.4M  HUNTINGTON INGALLS INCORPORATE CONSTRUCTION OF DDG 51 SHIP
    N0001924C0039          2025-12-19 $  6818.6M  LOCKHEED MARTIN CORPORATION    EXERCISE CY26 OPTION.
    N0002418C2307          2025-06-25 $  6702.8M  HUNTINGTON INGALLS INCORPORATE CONSTRUCTION OF DDG 51 SHIP
    N0001917C0015          2025-05-12 $  6568.2M  BELL BOEING JOINT PROJECT OFFI DEFINITIZATION OF QTY 4 CMV-22 LOT 27 AIRCRAFT.
    N0002423C2305          2025-07-31 $  5025.6M  BATH IRON WORKS CORPORATION    CONSTRUCTION OF DDG 51 SHIP
    N0002424C2110          2025-06-26 $  4960.0M  ELECTRIC BOAT CORPORATION      SSN 814 LONG LEAD TIME MATERIAL
    N0001921C0011          2025-09-11 $  4866.0M  RAYTHEON TECHNOLOGIES CORPORAT THE PURPOSE OF THIS MODIFICATION IS TO DEFINITIZE FY25 UCA C
    N0002420C2120          2025-09-26 $  4206.3M  ELECTRIC BOAT CORPORATION      SSW (RDT&E)
    N0003019C0025          2025-02-12 $  3709.4M  LOCKHEED MARTIN CORPORATION    WEAPON SYSTEM DEVELOPMENT AND
    N0001924C0009          2025-12-23 $  3605.0M  SIKORSKY AIRCRAFT CORPORATION  ADD FULL FUNDING FOR ONE LOT 9 UPL, LOT 10, AND AP FUNDING F
    N0001922C0004          2025-09-16 $  3422.7M  SIKORSKY AIRCRAFT CORPORATION  DD250 CONSIDERATION, ECP 9030, ECP 9020R1, ADD CAP ATTACHMEN
    N0002422C5500          2025-06-06 $  3190.4M  RAYTHEON COMPANY               DDG FLT III (AN/SPY-6(V)1)
    N0002420C2437          2025-07-09 $  3152.4M  HUNTINGTON INGALLS INCORPORATE LHA 9 DD&C
    N0001925C0070          2025-12-05 $  3130.4M  LOCKHEED MARTIN CORPORATION    THIS MODIFICATION ADDS LONG LEAD FUNDING IN SUPPORT OF LOT 2
    N0001923C0030          2025-08-25 $  2803.1M  RTX CORPORATION                THIS MODIFICATION AUTHORIZES A UCA FOR LOT 18 PROPULSION SYS
    N6274223F4007          2025-07-10 $  2768.0M  DRAGADOS/HAWAIIAN DREDGING/ORI CONTRACT NO. N62742-22-D-1311, WATERFRONT MACC PRIMARILY FOR
    N0001924C0025          2025-12-10 $  2739.7M  THE BOEING COMPANY             P-8A LOT 13 PRODUCTION: OBLIGATION OF ADDITIONAL FUNDS IN SU
    N0002424C2114          2025-12-17 $  2542.7M  BECHTEL PLANT MACHINERY, INC.  FY26 SHIPSET OF VIRGINIA CLASS COMPONENT FUNDING MOD
    N0002424C2301          2025-11-06 $  2501.7M  NATIONAL STEEL AND SHIPBUILDIN T-AO 215/216 DD&C (BLOCK BUY SHIP 2 AND 3), INCENTIVE 216
    M6785416C0006          2025-12-18 $  2227.3M  BAE SYSTEMS LAND & ARMAMENTS L FRP LOT 6B OPTION EXERCISE
    N0001923F0002          2025-12-18 $  2198.5M  LOCKHEED MARTIN CORPORATION    THE PURPOSE OF THIS MODIFICATION IS TO DEFINITIZE THE CY25 U
    N0002419C2210          2025-09-25 $  2012.2M  BOLLINGER MISSISSIPPI SHIPBUIL PSC 1 DETAIL DESIGN AND CONSTRUCTION
    N0001918C1041          2025-06-04 $  1827.3M  LOCKHEED MARTIN CORPORATION    CLIN UPDATE

Wrote /Users/brendantoole/projects2/buildco3/data_pull/new_vehicles_sweep.json
